<?xml version="1.0" encoding="UTF-8"?>
<!-- Generated by org.testng.reporters.JUnitXMLReporter -->
<testsuite ignored="0" hostname="Shweta" failures="0" tests="10" name="Test" time="0.372" errors="0" timestamp="2024-01-06T16:19:30 IST">
  <testcase classname="Third_Script.HomePage" name="Electronics" time="0.094"/>
  <testcase classname="Third_Script.HomePage" name="ProductImage" time="0.004"/>
  <testcase classname="Third_Script.HomePage" name="SearchBar" time="0.004"/>
  <testcase classname="First_Script.RagistrationPage" name="ValidEmailId" time="0.007"/>
  <testcase classname="First_Script.RagistrationPage" name="ValidMobileNo" time="0.005"/>
  <testcase classname="First_Script.RagistrationPage" name="ValidName" time="0.013"/>
  <testcase classname="Second_Script.LoginPage" name="Password" time="0.004"/>
  <testcase classname="Second_Script.LoginPage" name="ResetPassword" time="0.005"/>
  <testcase classname="Second_Script.LoginPage" name="Username" time="0.005"/>
  <testcase classname="Second_Script.LoginPage" name="WrongAttempts" time="0.004"/>
</testsuite> <!-- Test -->
